<?xml version="1.0" encoding="UTF-8"?>
<!-- Generated by org.testng.reporters.JUnitReportReporter -->
<testsuite hostname="dkadev-qaa" failures="0" tests="1" name="httpClientAPIs.GetUserAPI" time="0.765" errors="0" timestamp="2024-02-13T13:06:49 CET" skipped="0">
  <testcase classname="httpClientAPIs.GetUserAPI" name="getUserTest" time="0.765"/>
  <system-out/>
</testsuite> <!-- httpClientAPIs.GetUserAPI -->
