<?xml version="1.0" encoding="UTF-8"?>
<!-- Generated by org.testng.reporters.JUnitReportReporter -->
<testsuite hostname="dkadev-qaa" failures="0" tests="1" name="httpClientAPIs.GetUserAPI" time="1.188" errors="0" timestamp="2024-02-15T07:40:49 CET" skipped="0">
  <testcase classname="httpClientAPIs.GetUserAPI" name="getUserTest" time="1.188"/>
  <system-out/>
</testsuite> <!-- httpClientAPIs.GetUserAPI -->
