<?xml version="1.0" encoding="UTF-8"?>
<!-- Generated by org.testng.reporters.JUnitReportReporter -->
<testsuite hostname="dkadev-qaa" failures="0" tests="1" name="httpClientAPIs.BasicAuthHandle" time="0.632" errors="0" timestamp="2024-02-15T10:38:22 CET" skipped="0">
  <testcase classname="httpClientAPIs.BasicAuthHandle" name="basicAuthHandleTest" time="0.632"/>
  <system-out/>
</testsuite> <!-- httpClientAPIs.BasicAuthHandle -->
