<?xml version="1.0" encoding="UTF-8"?>
<!-- Generated by org.testng.reporters.JUnitReportReporter -->
<testsuite hostname="dkadev-qaa" failures="0" tests="1" name="httpClientAPIs.PostUserAPI" time="1.341" errors="0" timestamp="2024-02-15T11:04:43 CET" skipped="0">
  <testcase classname="httpClientAPIs.PostUserAPI" name="createUserAPITest" time="1.341"/>
  <system-out/>
</testsuite> <!-- httpClientAPIs.PostUserAPI -->
